<?xml version="1.0" encoding="UTF-8"?>
<testng-results ignored="0" total="1" passed="1" failed="0" skipped="0">
  <reporter-output>
  </reporter-output>
  <suite started-at="2023-12-23T21:15:25 IST" name="Default suite" finished-at="2023-12-23T21:15:27 IST" duration-ms="1711">
    <groups>
      <group name="cucumber">
        <method signature="AbstractTestNGCucumberTests.runScenario(io.cucumber.testng.PickleWrapper,io.cucumber.testng.FeatureWrapper)[pri:0, instance:testrunner.testrunner@449a4f23]" name="runScenario" class="io.cucumber.testng.AbstractTestNGCucumberTests"/>
      </group> <!-- cucumber -->
    </groups>
    <test started-at="2023-12-23T21:15:25 IST" name="Default test" finished-at="2023-12-23T21:15:27 IST" duration-ms="1711">
      <class name="testrunner.testrunner">
        <test-method is-config="true" signature="setUpClass(org.testng.ITestContext)[pri:0, instance:testrunner.testrunner@449a4f23]" started-at="2023-12-23T21:15:25 IST" name="setUpClass" finished-at="2023-12-23T21:15:26 IST" duration-ms="442" status="PASS">
          <params>
            <param index="0">
              <value>
                <![CDATA[org.testng.TestRunner@5d352de0]]>
              </value>
            </param>
          </params>
          <reporter-output>
          </reporter-output>
        </test-method> <!-- setUpClass -->
        <test-method signature="runScenario(io.cucumber.testng.PickleWrapper,io.cucumber.testng.FeatureWrapper)[pri:0, instance:testrunner.testrunner@449a4f23]" started-at="2023-12-23T21:15:26 IST" name="runScenario" description="Runs Cucumber Scenarios" data-provider="scenarios" finished-at="2023-12-23T21:15:27 IST" duration-ms="1170" status="PASS">
          <params>
            <param index="0">
              <value>
                <![CDATA["Post employees"]]>
              </value>
            </param>
            <param index="1">
              <value>
                <![CDATA["calculation of total employees"]]>
              </value>
            </param>
          </params>
          <reporter-output>
          </reporter-output>
        </test-method> <!-- runScenario -->
        <test-method is-config="true" signature="tearDownClass()[pri:0, instance:testrunner.testrunner@449a4f23]" started-at="2023-12-23T21:15:27 IST" name="tearDownClass" finished-at="2023-12-23T21:15:27 IST" duration-ms="57" status="PASS">
          <reporter-output>
          </reporter-output>
        </test-method> <!-- tearDownClass -->
      </class> <!-- testrunner.testrunner -->
    </test> <!-- Default test -->
  </suite> <!-- Default suite -->
</testng-results>
